Buffer {
    area: Rect { x: 0, y: 0, width: 117, height: 29 },
    content: [
        "██  ██           ▀██     ▀██                     ▀██▀    ██                     ▀██▀▀▀█           ▀▀      ▄██▄       ",
        "██▄▄██  ▄█▀▀█▄    ██      ██    ▄█▀▀█▄            ██    ▀▀      ██▄▄██▄          ██▄█   ██▄▄██▄  ▀██      ▀██▀       ",
        "██  ██  ██▀▀▀▀    ██      ██    ██  ██            ██            ██▀█▀██          ██ ▀ ▄ ██▀█▀██   ██       ▀▀        ",
        "▀▀  ▀▀   ▀▀▀▀    ▀▀▀▀    ▀▀▀▀    ▀▀▀▀            ▀▀▀▀           ▀▀   ▀▀         ▀▀▀▀▀▀▀ ▀▀   ▀▀  ▀▀▀▀      ▀▀        ",
        "▄█▀█▄█▀ ▄█▀█▄█▀ ▄█▀█▄█▀ ▄█▀█▄█▀ ▄█▀█▄█▀ ▄█▀█▄█▀ ▄█▀█▄█▀ ▄█▀█▄█▀ ▄█▀█▄█▀ ▄█▀█▄█▀ ▄█▀█▄█▀ ▄█▀█▄█▀ ▄█▀█▄█▀ ▄█▀█▄█▀      ",
        "                                                                                                                     ",
        "┏━━━━━━━━━━━━━━━━━━━━━━━━━━━━━━━━━━━ Counter App Tutorial ━━━━━━━━━━━━━━━━━━━━━━━━━━━━━━━━━━━┓┌─────────────────────┐",
        "┃                                          Value: 0                                          ┃│https://stackoverflow│",
        "┃                                                                                            ┃│                     │",
        "┃                                                                                            ┃│                     │",
        "┃                                                                                            ┃│                     │",
        "┃                                                                                            ┃│                     │",
        "┃                                                                                            ┃│                     │",
        "┃                                                                                            ┃│                     │",
        "┃                                                                                            ┃│                     │",
        "┃                                                                                            ┃│                     │",
        "┃                                                                                            ┃│                     │",
        "┃                                                                                            ┃│                     │",
        "┃                                                                                            ┃│                     │",
        "┃                                                                                            ┃│                     │",
        "┃                                                                                            ┃│                     │",
        "┃                                                                                            ┃│                     │",
        "┃                                                                                            ┃│                     │",
        "┃                                                                                            ┃│                     │",
        "┃                                                                                            ┃│                     │",
        "┃                                                                                            ┃│                     │",
        "┃                                                                                            ┃│                     │",
        "┃                                                                                            ┃│                     │",
        "┗━━━━━━━━━━━━━━━━━━━━━━━ Decrement <Left> Increment <Right> Quit <Q> ━━━━━━━━━━━━━━━━━━━━━━━━┛└─────────────────────┘",
    ],
    styles: [
        x: 0, y: 0, fg: Blue, bg: Reset, underline: Reset, modifier: NONE,
        x: 112, y: 0, fg: Reset, bg: Reset, underline: Reset, modifier: NONE,
        x: 0, y: 1, fg: Blue, bg: Reset, underline: Reset, modifier: NONE,
        x: 112, y: 1, fg: Reset, bg: Reset, underline: Reset, modifier: NONE,
        x: 0, y: 2, fg: Blue, bg: Reset, underline: Reset, modifier: NONE,
        x: 112, y: 2, fg: Reset, bg: Reset, underline: Reset, modifier: NONE,
        x: 0, y: 3, fg: Blue, bg: Reset, underline: Reset, modifier: NONE,
        x: 112, y: 3, fg: Reset, bg: Reset, underline: Reset, modifier: NONE,
        x: 0, y: 4, fg: Blue, bg: Reset, underline: Reset, modifier: NONE,
        x: 112, y: 4, fg: Reset, bg: Reset, underline: Reset, modifier: NONE,
        x: 0, y: 5, fg: Blue, bg: Reset, underline: Reset, modifier: NONE,
        x: 112, y: 5, fg: Reset, bg: Reset, underline: Reset, modifier: NONE,
        x: 36, y: 6, fg: Reset, bg: Reset, underline: Reset, modifier: BOLD,
        x: 58, y: 6, fg: Reset, bg: Reset, underline: Reset, modifier: NONE,
        x: 50, y: 7, fg: Yellow, bg: Reset, underline: Reset, modifier: NONE,
        x: 51, y: 7, fg: Reset, bg: Reset, underline: Reset, modifier: NONE,
    ]
}