Buffer {
    area: Rect { x: 0, y: 0, width: 58, height: 23 },
    content: [
        "██  ██           ▀██     ▀██                     ▀██▀    █",
        "██▄▄██  ▄█▀▀█▄    ██      ██    ▄█▀▀█▄            ██    ▀▀",
        "██  ██  ██▀▀▀▀    ██      ██    ██  ██            ██      ",
        "▀▀  ▀▀   ▀▀▀▀    ▀▀▀▀    ▀▀▀▀    ▀▀▀▀            ▀▀▀▀     ",
        "▄█▀█▄█▀ ▄█▀█▄█▀ ▄█▀█▄█▀ ▄█▀█▄█▀ ▄█▀█▄█▀ ▄█▀█▄█▀ ▄█▀█▄█▀ ▄█",
        "┏━━━━━━━━━━━ Counter App Tutorial ━━━━━━━━━━━┓┌──────────┐",
        "┃                  Value: 0                  ┃│https://st│",
        "┃                                            ┃│          │",
        "┃                                            ┃│          │",
        "┃                                            ┃│          │",
        "┃                                            ┃│          │",
        "┃                                            ┃│          │",
        "┃                                            ┃│          │",
        "┃                                            ┃│          │",
        "┃                                            ┃│          │",
        "┃                                            ┃│          │",
        "┃                                            ┃│          │",
        "┃                                            ┃│          │",
        "┃                                            ┃│          │",
        "┃                                            ┃│          │",
        "┃                                            ┃│          │",
        "┃                                            ┃│          │",
        "┗ Decrement <Left> Increment <Right> Quit <Q>┛└──────────┘",
    ],
    styles: [
        x: 0, y: 0, fg: Blue, bg: Reset, underline: Reset, modifier: NONE,
        x: 0, y: 5, fg: Reset, bg: Reset, underline: Reset, modifier: NONE,
        x: 12, y: 5, fg: Reset, bg: Reset, underline: Reset, modifier: BOLD,
        x: 34, y: 5, fg: Reset, bg: Reset, underline: Reset, modifier: NONE,
        x: 26, y: 6, fg: Yellow, bg: Reset, underline: Reset, modifier: NONE,
        x: 27, y: 6, fg: Reset, bg: Reset, underline: Reset, modifier: NONE,
    ]
}